2010-02-14 02:58:46 Notice: Notice (1024): Please change the value of 'Security.salt' in app/config/core.php to a salt value specific to your application in [/mnt/www/dev.xboo.st/cake/libs/debugger.php, line 674]
2010-02-14 02:58:46 Notice: Notice (1024): Please change the value of 'Security.cipher_seed' in app/config/core.php to a numeric (digits only) seed value specific to your application in [/mnt/www/dev.xboo.st/cake/libs/debugger.php, line 678]
2010-02-14 03:21:42 Notice: Notice (1024): Please change the value of 'Security.salt' in app/config/core.php to a salt value specific to your application in [/mnt/www/dev.xboo.st/cake/libs/debugger.php, line 674]
2010-02-14 03:21:42 Notice: Notice (1024): Please change the value of 'Security.cipher_seed' in app/config/core.php to a numeric (digits only) seed value specific to your application in [/mnt/www/dev.xboo.st/cake/libs/debugger.php, line 678]
2010-02-14 05:56:29 Notice: Notice (1024): Please change the value of 'Security.salt' in app/config/core.php to a salt value specific to your application in [/mnt/www/dev.xboo.st/cake/libs/debugger.php, line 674]
2010-02-14 05:56:29 Notice: Notice (1024): Please change the value of 'Security.cipher_seed' in app/config/core.php to a numeric (digits only) seed value specific to your application in [/mnt/www/dev.xboo.st/cake/libs/debugger.php, line 678]
2010-02-14 05:58:26 Notice: Notice (1024): Please change the value of 'Security.salt' in app/config/core.php to a salt value specific to your application in [/mnt/www/dev.xboo.st/cake/libs/debugger.php, line 674]
2010-02-14 05:58:26 Notice: Notice (1024): Please change the value of 'Security.cipher_seed' in app/config/core.php to a numeric (digits only) seed value specific to your application in [/mnt/www/dev.xboo.st/cake/libs/debugger.php, line 678]
2010-02-14 05:59:51 Notice: Notice (1024): Please change the value of 'Security.salt' in app/config/core.php to a salt value specific to your application in [/mnt/www/dev.xboo.st/cake/libs/debugger.php, line 674]
2010-02-14 05:59:51 Notice: Notice (1024): Please change the value of 'Security.cipher_seed' in app/config/core.php to a numeric (digits only) seed value specific to your application in [/mnt/www/dev.xboo.st/cake/libs/debugger.php, line 678]
2010-02-14 21:10:15 Notice: Notice (1024): Please change the value of 'Security.salt' in app/config/core.php to a salt value specific to your application in [/mnt/www/dev.xboo.st/cake/libs/debugger.php, line 674]
2010-02-14 21:10:15 Notice: Notice (1024): Please change the value of 'Security.cipher_seed' in app/config/core.php to a numeric (digits only) seed value specific to your application in [/mnt/www/dev.xboo.st/cake/libs/debugger.php, line 678]
2010-02-16 19:07:36 Notice: Notice (1024): Please change the value of 'Security.salt' in app/config/core.php to a salt value specific to your application in [/mnt/www/dev.xboo.st/cake/libs/debugger.php, line 674]
2010-02-16 19:07:36 Notice: Notice (1024): Please change the value of 'Security.cipher_seed' in app/config/core.php to a numeric (digits only) seed value specific to your application in [/mnt/www/dev.xboo.st/cake/libs/debugger.php, line 678]
2010-02-16 22:21:49 Notice: Notice (8): Undefined variable: items in [/mnt/www/dev.xboo.st/app/views/users/items.ctp, line 13]
2010-02-16 22:21:49 Notice: Notice (8): Undefined variable: items in [/mnt/www/dev.xboo.st/app/views/users/items.ctp, line 27]
2010-02-16 22:21:55 Notice: Notice (8): Undefined variable: items in [/mnt/www/dev.xboo.st/app/views/users/items.ctp, line 13]
2010-02-16 22:21:55 Notice: Notice (8): Undefined variable: items in [/mnt/www/dev.xboo.st/app/views/users/items.ctp, line 27]
2010-02-16 08:22:12 Notice: Notice (8): Undefined property: UsersController::$Db in [/mnt/www/dev.xboo.st/app/controllers/users_controller.php, line 16]
2010-02-16 22:27:49 Notice: Notice (8): Undefined property: View::$Auth in [/mnt/www/dev.xboo.st/app/views/users/items.ctp, line 28]
2010-02-16 08:29:58 Notice: Notice (8): Undefined index:  username in [/mnt/www/dev.xboo.st/app/views/layouts/default.ctp, line 17]
2010-02-16 22:30:15 Notice: Notice (8): Undefined index:  username in [/mnt/www/dev.xboo.st/app/views/layouts/default.ctp, line 17]
2010-02-16 08:30:48 Notice: Notice (8): Undefined index:  username in [/mnt/www/dev.xboo.st/app/views/users/items.ctp, line 1]
2010-02-16 22:50:50 Notice: Notice (8): Undefined property: UsersController::$User in [/mnt/www/dev.xboo.st/app/controllers/users_controller.php, line 44]
2010-02-16 08:51:56 Notice: Notice (8): Undefined property: UsersController::$Db in [/mnt/www/dev.xboo.st/app/controllers/users_controller.php, line 23]
2010-02-16 22:53:27 Notice: Notice (8): Undefined property: UsersController::$User in [/mnt/www/dev.xboo.st/app/controllers/users_controller.php, line 41]
2010-02-16 09:10:09 Notice: Notice (8): Undefined index:  username in [/mnt/www/dev.xboo.st/app/controllers/users_controller.php, line 67]
2010-02-16 09:10:09 Notice: Notice (8): Undefined index:  ebaytkn in [/mnt/www/dev.xboo.st/app/controllers/users_controller.php, line 68]
2010-02-16 09:10:09 Notice: Notice (8): Undefined index:  tknexp in [/mnt/www/dev.xboo.st/app/controllers/users_controller.php, line 69]
2010-02-16 09:10:09 Notice: Notice (8): Undefined property: UsersController::$Db in [/mnt/www/dev.xboo.st/app/controllers/users_controller.php, line 71]
2010-02-16 23:14:08 Notice: Notice (8): Undefined index:  username in [/mnt/www/dev.xboo.st/app/controllers/users_controller.php, line 67]
2010-02-16 23:14:08 Notice: Notice (8): Undefined index:  ebaytkn in [/mnt/www/dev.xboo.st/app/controllers/users_controller.php, line 68]
2010-02-16 23:14:08 Notice: Notice (8): Undefined index:  tknexp in [/mnt/www/dev.xboo.st/app/controllers/users_controller.php, line 69]
2010-02-16 23:14:08 Notice: Notice (8): Undefined index:  username in [/mnt/www/dev.xboo.st/app/views/users/accept.ctp, line 2]
2010-02-16 09:14:09 Notice: Notice (8): Undefined index:  username in [/mnt/www/dev.xboo.st/app/controllers/users_controller.php, line 67]
2010-02-16 09:14:09 Notice: Notice (8): Undefined index:  ebaytkn in [/mnt/www/dev.xboo.st/app/controllers/users_controller.php, line 68]
2010-02-16 09:14:09 Notice: Notice (8): Undefined index:  tknexp in [/mnt/www/dev.xboo.st/app/controllers/users_controller.php, line 69]
2010-02-16 09:14:09 Notice: Notice (8): Undefined index:  username in [/mnt/www/dev.xboo.st/app/views/users/accept.ctp, line 2]
2010-02-16 09:17:08 Notice: Notice (8): Undefined variable: items in [/mnt/www/dev.xboo.st/app/views/layouts/default.ctp, line 31]
2010-02-16 09:26:02 Notice: Notice (8): Undefined index:  username in [/mnt/www/dev.xboo.st/app/controllers/users_controller.php, line 67]
2010-02-16 09:26:02 Notice: Notice (8): Undefined index:  ebaytkn in [/mnt/www/dev.xboo.st/app/controllers/users_controller.php, line 68]
2010-02-16 09:26:02 Notice: Notice (8): Undefined index:  tknexp in [/mnt/www/dev.xboo.st/app/controllers/users_controller.php, line 69]
2010-02-16 09:26:02 Notice: Notice (8): Undefined index:  username in [/mnt/www/dev.xboo.st/app/views/users/accept.ctp, line 2]
2010-02-16 09:26:10 Notice: Notice (8): Undefined index:  username in [/mnt/www/dev.xboo.st/app/controllers/users_controller.php, line 67]
2010-02-16 09:26:10 Notice: Notice (8): Undefined index:  ebaytkn in [/mnt/www/dev.xboo.st/app/controllers/users_controller.php, line 68]
2010-02-16 09:26:10 Notice: Notice (8): Undefined index:  tknexp in [/mnt/www/dev.xboo.st/app/controllers/users_controller.php, line 69]
2010-02-16 09:26:10 Notice: Notice (8): Undefined index:  username in [/mnt/www/dev.xboo.st/app/views/users/accept.ctp, line 2]
2010-02-16 09:29:18 Notice: Notice (8): Undefined index:  ebaytkn in [/mnt/www/dev.xboo.st/app/controllers/users_controller.php, line 68]
2010-02-16 09:29:18 Notice: Notice (8): Undefined index:  tknexp in [/mnt/www/dev.xboo.st/app/controllers/users_controller.php, line 69]
2010-02-17 02:11:18 Notice: Notice (8): Undefined property: AuthComponent::$user in [/mnt/www/dev.xboo.st/app/controllers/users_controller.php, line 68]
2010-02-19 13:21:26 Notice: Notice (8): Undefined index:  Title in [/mnt/www/dev.xboo.st/app/controllers/users_controller.php, line 160]
2010-02-19 13:21:26 Notice: Notice (8): Undefined index:  Description in [/mnt/www/dev.xboo.st/app/controllers/users_controller.php, line 161]
2010-02-18 23:22:47 Notice: Notice (8): Undefined index:  Title in [/mnt/www/dev.xboo.st/app/controllers/users_controller.php, line 160]
2010-02-18 23:22:47 Notice: Notice (8): Undefined index:  Description in [/mnt/www/dev.xboo.st/app/controllers/users_controller.php, line 161]
2010-02-18 23:24:34 Notice: Notice (8): Undefined index:  Title in [/mnt/www/dev.xboo.st/app/controllers/users_controller.php, line 162]
2010-02-18 23:24:34 Notice: Notice (8): Undefined index:  Description in [/mnt/www/dev.xboo.st/app/controllers/users_controller.php, line 163]
2010-02-19 13:24:53 Notice: Notice (8): Undefined index:  Title in [/mnt/www/dev.xboo.st/app/controllers/users_controller.php, line 162]
2010-02-19 13:24:53 Notice: Notice (8): Undefined index:  Description in [/mnt/www/dev.xboo.st/app/controllers/users_controller.php, line 163]
2010-02-19 13:25:37 Notice: Notice (8): Undefined index:  Title in [/mnt/www/dev.xboo.st/app/controllers/users_controller.php, line 164]
2010-02-19 13:25:37 Notice: Notice (8): Undefined index:  Description in [/mnt/www/dev.xboo.st/app/controllers/users_controller.php, line 165]
2010-02-19 04:22:15 Notice: Notice (8): Undefined index:  Title in [/mnt/www/dev.xboo.st/app/controllers/users_controller.php, line 164]
2010-02-19 04:22:15 Notice: Notice (8): Undefined index:  Description in [/mnt/www/dev.xboo.st/app/controllers/users_controller.php, line 165]
2010-02-19 19:33:10 Notice: Notice (8): Undefined offset:  0 in [/mnt/www/dev.xboo.st/app/controllers/users_controller.php, line 153]
2010-02-19 20:41:47 Notice: Notice (8): Undefined variable: xml in [/mnt/www/dev.xboo.st/app/controllers/users_controller.php, line 167]
2010-02-19 20:41:47 Notice: Notice (8): Undefined variable: xml in [/mnt/www/dev.xboo.st/app/controllers/users_controller.php, line 172]
2010-02-19 20:43:47 Notice: Notice (8): Undefined variable: xml in [/mnt/www/dev.xboo.st/app/controllers/users_controller.php, line 168]
2010-02-19 20:43:47 Notice: Notice (8): Undefined variable: xml in [/mnt/www/dev.xboo.st/app/controllers/users_controller.php, line 173]
2010-02-19 10:19:16 Notice: Notice (8): Undefined variable: xml in [/mnt/www/dev.xboo.st/app/controllers/users_controller.php, line 168]
2010-02-19 10:19:16 Notice: Notice (8): Undefined variable: xml in [/mnt/www/dev.xboo.st/app/controllers/users_controller.php, line 173]
2010-02-19 10:19:17 Notice: Notice (8): Use of undefined constant EBAY_CRTID - assumed 'EBAY_CRTID' in [/mnt/www/dev.xboo.st/app/controllers/users_controller.php, line 136]
2010-02-20 00:19:42 Notice: Notice (8): Undefined variable: xml in [/mnt/www/dev.xboo.st/app/controllers/users_controller.php, line 168]
2010-02-20 00:19:42 Notice: Notice (8): Undefined variable: xml in [/mnt/www/dev.xboo.st/app/controllers/users_controller.php, line 173]
2010-02-19 10:20:52 Notice: Notice (8): Undefined variable: xml_res in [/mnt/www/dev.xboo.st/app/controllers/users_controller.php, line 151]
2010-02-19 10:20:52 Notice: Notice (8): Undefined variable: xml_res in [/mnt/www/dev.xboo.st/app/controllers/users_controller.php, line 152]
2010-02-21 16:27:13 Notice: Notice (8): Undefined variable: itemdata in [/mnt/www/dev.xboo.st/app/controllers/users_controller.php, line 113]
2010-02-21 16:27:13 Notice: Notice (8): Undefined variable: itemdata in [/mnt/www/dev.xboo.st/app/controllers/users_controller.php, line 172]
2010-02-21 16:27:37 Notice: Notice (8): Undefined variable: itemdata in [/mnt/www/dev.xboo.st/app/controllers/users_controller.php, line 113]
2010-02-21 16:27:37 Notice: Notice (8): Undefined variable: itemdata in [/mnt/www/dev.xboo.st/app/controllers/users_controller.php, line 172]
2010-02-21 16:29:34 Notice: Notice (8): Undefined variable: itemdata in [/mnt/www/dev.xboo.st/app/controllers/users_controller.php, line 115]
2010-02-21 16:29:34 Notice: Notice (8): Undefined variable: itemdata in [/mnt/www/dev.xboo.st/app/controllers/users_controller.php, line 174]
2010-02-21 02:29:53 Notice: Notice (8): Undefined index:  items in [/mnt/www/dev.xboo.st/app/controllers/users_controller.php, line 164]
2010-02-26 22:53:01 Notice: Notice (8): Array to string conversion in [/mnt/www/dev.xboo.st/app/controllers/users_controller.php, line 108]
2010-02-26 22:53:01 Notice: Notice (8): Undefined variable: itemdata in [/mnt/www/dev.xboo.st/app/controllers/users_controller.php, line 119]
2010-02-26 22:53:01 Notice: Notice (8): Undefined variable: itemdata in [/mnt/www/dev.xboo.st/app/controllers/users_controller.php, line 176]
2010-02-26 08:56:10 Notice: Notice (8): Array to string conversion in [/mnt/www/dev.xboo.st/app/controllers/users_controller.php, line 107]
2010-02-26 08:56:10 Notice: Notice (8): Undefined variable: itemdata in [/mnt/www/dev.xboo.st/app/controllers/users_controller.php, line 118]
2010-02-26 08:56:10 Notice: Notice (8): Undefined variable: itemdata in [/mnt/www/dev.xboo.st/app/controllers/users_controller.php, line 175]
2010-02-27 01:03:43 Notice: Notice (8): Undefined variable: itemdata in [/mnt/www/dev.xboo.st/app/controllers/users_controller.php, line 152]
2010-02-27 01:03:43 Notice: Notice (8): Undefined variable: itemdata in [/mnt/www/dev.xboo.st/app/controllers/users_controller.php, line 222]
2010-02-26 21:30:11 Notice: Notice (8): Undefined variable: itemdata in [/mnt/www/dev.xboo.st/app/controllers/users_controller.php, line 155]
2010-02-26 21:30:11 Notice: Notice (8): Undefined variable: itemdata in [/mnt/www/dev.xboo.st/app/controllers/users_controller.php, line 225]
2010-02-27 13:35:57 Notice: Notice (8): Undefined variable: itemdata in [/mnt/www/dev.xboo.st/app/controllers/users_controller.php, line 175]
2010-02-27 13:35:57 Notice: Notice (8): Undefined variable: itemdata in [/mnt/www/dev.xboo.st/app/controllers/users_controller.php, line 245]
2010-02-27 22:29:42 Notice: Notice (8): Undefined variable: hash in [/mnt/www/dev.xboo.st/app/controllers/users_controller.php, line 325]
2010-02-27 08:33:27 Notice: Notice (8): Undefined variable: url in [/mnt/www/dev.xboo.st/app/controllers/users_controller.php, line 327]
2010-02-27 22:33:55 Notice: Notice (8): Undefined variable: url in [/mnt/www/dev.xboo.st/app/controllers/users_controller.php, line 327]
2010-02-28 16:59:40 Notice: Notice (8): Undefined variable: itemdata in [/mnt/www/dev.xboo.st/app/controllers/users_controller.php, line 179]
2010-02-28 16:59:40 Notice: Notice (8): Undefined variable: itemdata in [/mnt/www/dev.xboo.st/app/controllers/users_controller.php, line 249]
2010-03-06 23:30:46 Notice: Notice (8): Undefined variable: userid in [/mnt/www/dev.xboo.st/app/controllers/users_controller.php, line 39]
2010-03-07 22:55:35 Notice: Notice (8): Undefined index:  galleryurl in [/mnt/www/dev.xboo.st/app/views/users/home.ctp, line 54]
2010-03-23 16:06:53 Notice: Notice (8): Undefined index:  items in [/mnt/www/dev.xboo.st/app/controllers/users_controller.php, line 72]
2010-04-02 06:27:13 Notice: Notice (8): Undefined index:  viewitemurl in [/var/www/dev.xboo.st/app/views/users/home.ctp, line 50]
2010-04-06 20:09:24 Notice: Notice (8): Undefined property: UsersController::$Db in [/var/www/dev.xboo.st/app/controllers/users_controller.php, line 95]
2010-04-06 20:09:26 Notice: Notice (8): Undefined property: UsersController::$Db in [/var/www/dev.xboo.st/app/controllers/users_controller.php, line 95]
2010-04-06 20:09:27 Notice: Notice (8): Undefined property: UsersController::$Db in [/var/www/dev.xboo.st/app/controllers/users_controller.php, line 95]
2010-04-06 20:09:30 Notice: Notice (8): Undefined property: UsersController::$Db in [/var/www/dev.xboo.st/app/controllers/users_controller.php, line 95]
2010-04-06 20:09:31 Notice: Notice (8): Undefined property: UsersController::$Db in [/var/www/dev.xboo.st/app/controllers/users_controller.php, line 95]
2010-04-06 20:09:32 Notice: Notice (8): Undefined property: UsersController::$Db in [/var/www/dev.xboo.st/app/controllers/users_controller.php, line 95]
2010-04-06 20:10:18 Notice: Notice (8): Undefined property: UsersController::$Db in [/var/www/dev.xboo.st/app/controllers/users_controller.php, line 95]
2010-04-06 20:10:19 Notice: Notice (8): Undefined property: UsersController::$Db in [/var/www/dev.xboo.st/app/controllers/users_controller.php, line 95]
2010-04-06 20:10:20 Notice: Notice (8): Undefined property: UsersController::$Db in [/var/www/dev.xboo.st/app/controllers/users_controller.php, line 95]
2010-04-06 20:10:43 Notice: Notice (8): Undefined property: UsersController::$Db in [/var/www/dev.xboo.st/app/controllers/users_controller.php, line 95]
2010-04-06 20:10:48 Notice: Notice (8): Undefined property: UsersController::$Db in [/var/www/dev.xboo.st/app/controllers/users_controller.php, line 95]
2010-04-06 20:10:49 Notice: Notice (8): Undefined property: UsersController::$Db in [/var/www/dev.xboo.st/app/controllers/users_controller.php, line 95]
2010-04-06 20:11:13 Notice: Notice (8): Undefined property: UsersController::$Db in [/var/www/dev.xboo.st/app/controllers/users_controller.php, line 95]
2010-04-06 20:12:07 Notice: Notice (8): Undefined property: UsersController::$Db in [/var/www/dev.xboo.st/app/controllers/users_controller.php, line 95]
2010-04-06 20:12:09 Notice: Notice (8): Undefined property: UsersController::$Db in [/var/www/dev.xboo.st/app/controllers/users_controller.php, line 95]
2010-04-06 20:12:10 Notice: Notice (8): Undefined property: UsersController::$Db in [/var/www/dev.xboo.st/app/controllers/users_controller.php, line 95]
2010-04-10 10:14:48 Notice: Notice (8): Undefined variable: items in [/var/www/dev.xboo.st/app/controllers/users_controller.php, line 130]
2010-04-10 10:16:02 Notice: Notice (8): Undefined variable: items in [/var/www/dev.xboo.st/app/controllers/users_controller.php, line 130]
2010-04-10 10:31:46 Notice: Notice (8): Undefined variable: items in [/var/www/dev.xboo.st/app/controllers/users_controller.php, line 130]
2010-04-10 10:31:50 Notice: Notice (8): Undefined variable: items in [/var/www/dev.xboo.st/app/controllers/users_controller.php, line 130]
2010-04-11 13:42:42 Notice: Notice (8): Undefined variable: ebayuserid in [/var/www/dev.xboo.st/app/controllers/users_controller.php, line 320]
2010-04-14 06:26:11 Notice: Notice (8): Undefined variable: items in [/var/www/dev.xboo.st/app/controllers/users_controller.php, line 141]
2010-04-14 06:26:15 Notice: Notice (8): Undefined variable: items in [/var/www/dev.xboo.st/app/controllers/users_controller.php, line 141]
2010-04-14 06:26:23 Notice: Notice (8): Undefined variable: items in [/var/www/dev.xboo.st/app/controllers/users_controller.php, line 141]
2010-04-15 06:44:38 Notice: Notice (8): Undefined variable: items in [/var/www/dev.xboo.st/app/controllers/users_controller.php, line 141]
2010-04-19 06:32:24 Notice: Notice (8): Undefined offset:  0 in [/var/www/dev.xboo.st/app/controllers/users_controller.php, line 561]
2010-04-19 06:33:04 Notice: Notice (8): Undefined variable: line in [/var/www/dev.xboo.st/app/controllers/users_controller.php, line 656]
2010-04-19 06:33:04 Notice: Notice (8): Undefined variable: line in [/var/www/dev.xboo.st/app/controllers/users_controller.php, line 660]
