2010-02-13 20:59:31 Warning: Warning (512): /mnt/www/dev.xboo.st/app/tmp/cache/persistent/ is not writable in [/mnt/www/dev.xboo.st/cake/libs/cache/file.php, line 271]
2010-02-13 20:59:31 Warning: Warning (512): /mnt/www/dev.xboo.st/app/tmp/cache/models/ is not writable in [/mnt/www/dev.xboo.st/cake/libs/cache/file.php, line 271]
2010-02-13 07:10:29 Warning: Warning (2): include_once(/mnt/www/dev.xboo.st/app/config/database.php) [<a href='http://php.net/function.include-once'>function.include-once</a>]: failed to open stream: No such file or directory in [/mnt/www/dev.xboo.st/cake/libs/model/connection_manager.php, line 23]
2010-02-13 07:10:29 Warning: Warning (2): include_once() [<a href='http://php.net/function.include'>function.include</a>]: Failed opening '/mnt/www/dev.xboo.st/app/config/database.php' for inclusion (include_path='/mnt/www/dev.xboo.st:/mnt/www/dev.xboo.st/app/:.:/usr/local/php-5.2.10/lib/php') in [/mnt/www/dev.xboo.st/cake/libs/model/connection_manager.php, line 23]
2010-02-13 07:10:29 Warning: Warning (2): Cannot modify header information - headers already sent by (output started at /mnt/www/dev.xboo.st/cake/libs/debugger.php:663) in [/mnt/www/dev.xboo.st/cake/libs/controller/controller.php, line 715]
2010-02-13 07:10:49 Warning: Warning (2): include_once(/mnt/www/dev.xboo.st/app/config/database.php) [<a href='http://php.net/function.include-once'>function.include-once</a>]: failed to open stream: No such file or directory in [/mnt/www/dev.xboo.st/cake/libs/model/connection_manager.php, line 23]
2010-02-13 07:10:49 Warning: Warning (2): include_once() [<a href='http://php.net/function.include'>function.include</a>]: Failed opening '/mnt/www/dev.xboo.st/app/config/database.php' for inclusion (include_path='/mnt/www/dev.xboo.st:/mnt/www/dev.xboo.st/app/:.:/usr/local/php-5.2.10/lib/php') in [/mnt/www/dev.xboo.st/cake/libs/model/connection_manager.php, line 23]
2010-02-13 07:10:49 Warning: Warning (2): Cannot modify header information - headers already sent by (output started at /mnt/www/dev.xboo.st/cake/libs/debugger.php:663) in [/mnt/www/dev.xboo.st/cake/libs/controller/controller.php, line 715]
2010-02-13 07:11:01 Warning: Warning (2): include_once(/mnt/www/dev.xboo.st/app/config/database.php) [<a href='http://php.net/function.include-once'>function.include-once</a>]: failed to open stream: No such file or directory in [/mnt/www/dev.xboo.st/cake/libs/model/connection_manager.php, line 23]
2010-02-13 07:11:01 Warning: Warning (2): include_once() [<a href='http://php.net/function.include'>function.include</a>]: Failed opening '/mnt/www/dev.xboo.st/app/config/database.php' for inclusion (include_path='/mnt/www/dev.xboo.st:/mnt/www/dev.xboo.st/app/:.:/usr/local/php-5.2.10/lib/php') in [/mnt/www/dev.xboo.st/cake/libs/model/connection_manager.php, line 23]
2010-02-13 07:11:01 Warning: Warning (2): Cannot modify header information - headers already sent by (output started at /mnt/www/dev.xboo.st/cake/libs/debugger.php:663) in [/mnt/www/dev.xboo.st/cake/libs/controller/controller.php, line 715]
2010-02-13 22:06:09 Warning: Warning (2): HttpRequest::setPostFields() expects parameter 1 to be array, string given in [/mnt/www/dev.xboo.st/app/controllers/ebay_controller.php, line 39]
2010-02-14 23:05:18 Warning: Warning (512): <span style = "color:Red;text-align:left"><b>SQL Error:</b> 1054: Unknown column 'id' in 'order clause'</span> in [/mnt/www/dev.xboo.st/cake/libs/model/datasources/dbo_source.php, line 635]
2010-02-14 23:05:18 Warning: Warning (2): Invalid argument supplied for foreach() in [/mnt/www/dev.xboo.st/app/views/ebay/items.ctp, line 13]
2010-02-14 09:05:35 Warning: Warning (512): <span style = "color:Red;text-align:left"><b>SQL Error:</b> 1054: Unknown column 'id' in 'order clause'</span> in [/mnt/www/dev.xboo.st/cake/libs/model/datasources/dbo_source.php, line 635]
2010-02-14 09:05:35 Warning: Warning (2): Invalid argument supplied for foreach() in [/mnt/www/dev.xboo.st/app/views/ebay/items.ctp, line 13]
2010-02-14 09:05:44 Warning: Warning (512): <span style = "color:Red;text-align:left"><b>SQL Error:</b> 1054: Unknown column 'id' in 'order clause'</span> in [/mnt/www/dev.xboo.st/cake/libs/model/datasources/dbo_source.php, line 635]
2010-02-14 09:05:44 Warning: Warning (2): Invalid argument supplied for foreach() in [/mnt/www/dev.xboo.st/app/views/ebay/items.ctp, line 13]
2010-02-14 09:05:46 Warning: Warning (512): <span style = "color:Red;text-align:left"><b>SQL Error:</b> 1054: Unknown column 'id' in 'order clause'</span> in [/mnt/www/dev.xboo.st/cake/libs/model/datasources/dbo_source.php, line 635]
2010-02-14 09:05:46 Warning: Warning (2): Invalid argument supplied for foreach() in [/mnt/www/dev.xboo.st/app/views/ebay/items.ctp, line 13]
2010-02-16 18:44:30 Warning: Warning (512): <span style = "color:Red;text-align:left"><b>SQL Error:</b> 1054: Unknown column 'ebaytoken' in 'field list'</span> in [/mnt/www/dev.xboo.st/cake/libs/model/datasources/dbo_source.php, line 635]
2010-02-16 18:46:42 Warning: Warning (512): <span style = "color:Red;text-align:left"><b>SQL Error:</b> 1054: Unknown column 'ebaytokenexp' in 'field list'</span> in [/mnt/www/dev.xboo.st/cake/libs/model/datasources/dbo_source.php, line 635]
2010-02-16 19:07:36 Warning: Warning (2): Cannot modify header information - headers already sent by (output started at /mnt/www/dev.xboo.st/cake/libs/debugger.php:663) in [/mnt/www/dev.xboo.st/cake/libs/controller/controller.php, line 715]
2010-02-16 22:21:49 Warning: Warning (2): Invalid argument supplied for foreach() in [/mnt/www/dev.xboo.st/app/views/users/items.ctp, line 13]
2010-02-16 22:21:55 Warning: Warning (2): Invalid argument supplied for foreach() in [/mnt/www/dev.xboo.st/app/views/users/items.ctp, line 13]
2010-02-17 15:55:17 Warning: Warning (512): <span style = "color:Red;text-align:left"><b>SQL Error:</b> 1054: Unknown column 'User.username' in 'where clause'</span> in [/mnt/www/dev.xboo.st/cake/libs/model/datasources/dbo_source.php, line 635]
2010-02-17 02:11:18 Warning: Warning (512): <span style = "color:Red;text-align:left"><b>SQL Error:</b> 1064: You have an error in your SQL syntax; check the manual that corresponds to your MySQL server version for the right syntax to use near ' 'testuser_hal', 'AgAAAA**AQAAAA**aAAAAA**mJV7Sw**nY+sHZ2PrBmdj6wVnY+sEZ2PrA2dj6' at line 1</span> in [/mnt/www/dev.xboo.st/cake/libs/model/datasources/dbo_source.php, line 635]
2010-02-19 13:20:31 Warning: Warning (2): implode() [<a href='http://php.net/function.implode'>function.implode</a>]: Invalid arguments passed in [/mnt/www/dev.xboo.st/app/controllers/users_controller.php, line 96]
2010-02-19 13:20:31 Warning: Warning (512): <span style = "color:Red;text-align:left"><b>SQL Error:</b> 1064: You have an error in your SQL syntax; check the manual that corresponds to your MySQL server version for the right syntax to use near ')' at line 1</span> in [/mnt/www/dev.xboo.st/cake/libs/model/datasources/dbo_source.php, line 635]
2010-02-19 13:20:31 Warning: Warning (2): Invalid argument supplied for foreach() in [/mnt/www/dev.xboo.st/app/controllers/users_controller.php, line 98]
2010-02-19 19:33:10 Warning: Warning (2): preg_match() expects parameter 2 to be string, array given in [/mnt/www/dev.xboo.st/app/controllers/users_controller.php, line 153]
2010-02-19 19:38:38 Warning: Warning (2): key() [<a href='http://php.net/function.key'>function.key</a>]: Passed variable is not an array or object in [/mnt/www/dev.xboo.st/app/controllers/users_controller.php, line 153]
2010-02-21 14:42:36 Warning: Warning (512): <span style = "color:Red;text-align:left"><b>SQL Error:</b> 1064: You have an error in your SQL syntax; check the manual that corresponds to your MySQL server version for the right syntax to use near 'WHERE itemid = 3' at line 1</span> in [/mnt/www/dev.xboo.st/cake/libs/model/datasources/dbo_source.php, line 635]
2010-02-21 14:42:36 Warning: Warning (512): <span style = "color:Red;text-align:left"><b>SQL Error:</b> 1064: You have an error in your SQL syntax; check the manual that corresponds to your MySQL server version for the right syntax to use near 'WHERE itemid = 6' at line 1</span> in [/mnt/www/dev.xboo.st/cake/libs/model/datasources/dbo_source.php, line 635]
2010-02-21 14:42:36 Warning: Warning (512): <span style = "color:Red;text-align:left"><b>SQL Error:</b> 1064: You have an error in your SQL syntax; check the manual that corresponds to your MySQL server version for the right syntax to use near 'WHERE itemid = 7' at line 1</span> in [/mnt/www/dev.xboo.st/cake/libs/model/datasources/dbo_source.php, line 635]
2010-02-21 14:42:37 Warning: Warning (512): <span style = "color:Red;text-align:left"><b>SQL Error:</b> 1064: You have an error in your SQL syntax; check the manual that corresponds to your MySQL server version for the right syntax to use near 'WHERE itemid = 8' at line 1</span> in [/mnt/www/dev.xboo.st/cake/libs/model/datasources/dbo_source.php, line 635]
2010-02-21 14:42:37 Warning: Warning (512): <span style = "color:Red;text-align:left"><b>SQL Error:</b> 1064: You have an error in your SQL syntax; check the manual that corresponds to your MySQL server version for the right syntax to use near 'WHERE itemid = 9' at line 1</span> in [/mnt/www/dev.xboo.st/cake/libs/model/datasources/dbo_source.php, line 635]
2010-02-21 16:27:13 Warning: Warning (2): implode() [<a href='http://php.net/function.implode'>function.implode</a>]: Invalid arguments passed in [/mnt/www/dev.xboo.st/app/controllers/users_controller.php, line 102]
2010-02-21 16:27:13 Warning: Warning (512): <span style = "color:Red;text-align:left"><b>SQL Error:</b> 1064: You have an error in your SQL syntax; check the manual that corresponds to your MySQL server version for the right syntax to use near ')' at line 1</span> in [/mnt/www/dev.xboo.st/cake/libs/model/datasources/dbo_source.php, line 635]
2010-02-21 16:27:13 Warning: Warning (2): Invalid argument supplied for foreach() in [/mnt/www/dev.xboo.st/app/controllers/users_controller.php, line 104]
2010-02-21 16:27:13 Warning: Warning (2): Invalid argument supplied for foreach() in [/mnt/www/dev.xboo.st/app/controllers/users_controller.php, line 113]
2010-02-21 16:27:37 Warning: Warning (2): implode() [<a href='http://php.net/function.implode'>function.implode</a>]: Invalid arguments passed in [/mnt/www/dev.xboo.st/app/controllers/users_controller.php, line 102]
2010-02-21 16:27:37 Warning: Warning (512): <span style = "color:Red;text-align:left"><b>SQL Error:</b> 1064: You have an error in your SQL syntax; check the manual that corresponds to your MySQL server version for the right syntax to use near ')' at line 1</span> in [/mnt/www/dev.xboo.st/cake/libs/model/datasources/dbo_source.php, line 635]
2010-02-21 16:27:37 Warning: Warning (2): Invalid argument supplied for foreach() in [/mnt/www/dev.xboo.st/app/controllers/users_controller.php, line 104]
2010-02-21 16:27:37 Warning: Warning (2): Invalid argument supplied for foreach() in [/mnt/www/dev.xboo.st/app/controllers/users_controller.php, line 113]
2010-02-21 16:29:34 Warning: Warning (2): implode() [<a href='http://php.net/function.implode'>function.implode</a>]: Invalid arguments passed in [/mnt/www/dev.xboo.st/app/controllers/users_controller.php, line 104]
2010-02-21 16:29:34 Warning: Warning (512): <span style = "color:Red;text-align:left"><b>SQL Error:</b> 1064: You have an error in your SQL syntax; check the manual that corresponds to your MySQL server version for the right syntax to use near ')' at line 1</span> in [/mnt/www/dev.xboo.st/cake/libs/model/datasources/dbo_source.php, line 635]
2010-02-21 16:29:34 Warning: Warning (2): Invalid argument supplied for foreach() in [/mnt/www/dev.xboo.st/app/controllers/users_controller.php, line 106]
2010-02-21 16:29:34 Warning: Warning (2): Invalid argument supplied for foreach() in [/mnt/www/dev.xboo.st/app/controllers/users_controller.php, line 115]
2010-02-21 02:29:53 Warning: Warning (512): <span style = "color:Red;text-align:left"><b>SQL Error:</b> 1064: You have an error in your SQL syntax; check the manual that corresponds to your MySQL server version for the right syntax to use near '' at line 1</span> in [/mnt/www/dev.xboo.st/cake/libs/model/datasources/dbo_source.php, line 635]
2010-02-26 22:53:01 Warning: Warning (512): <span style = "color:Red;text-align:left"><b>SQL Error:</b> 1054: Unknown column 'Array' in 'where clause'</span> in [/mnt/www/dev.xboo.st/cake/libs/model/datasources/dbo_source.php, line 635]
2010-02-26 22:53:01 Warning: Warning (2): Invalid argument supplied for foreach() in [/mnt/www/dev.xboo.st/app/controllers/users_controller.php, line 110]
2010-02-26 22:53:01 Warning: Warning (2): Invalid argument supplied for foreach() in [/mnt/www/dev.xboo.st/app/controllers/users_controller.php, line 119]
2010-02-26 08:56:10 Warning: Warning (512): <span style = "color:Red;text-align:left"><b>SQL Error:</b> 1054: Unknown column 'Array' in 'where clause'</span> in [/mnt/www/dev.xboo.st/cake/libs/model/datasources/dbo_source.php, line 635]
2010-02-26 08:56:10 Warning: Warning (2): Invalid argument supplied for foreach() in [/mnt/www/dev.xboo.st/app/controllers/users_controller.php, line 109]
2010-02-26 08:56:10 Warning: Warning (2): Invalid argument supplied for foreach() in [/mnt/www/dev.xboo.st/app/controllers/users_controller.php, line 118]
2010-02-26 10:44:12 Warning: Warning (512): <span style = "color:Red;text-align:left"><b>SQL Error:</b> 1241: Operand should contain 1 column(s)</span> in [/mnt/www/dev.xboo.st/cake/libs/model/datasources/dbo_source.php, line 635]
2010-02-27 01:03:43 Warning: Warning (512): <span style = "color:Red;text-align:left"><b>SQL Error:</b> 1064: You have an error in your SQL syntax; check the manual that corresponds to your MySQL server version for the right syntax to use near ')' at line 1</span> in [/mnt/www/dev.xboo.st/cake/libs/model/datasources/dbo_source.php, line 635]
2010-02-27 01:03:43 Warning: Warning (2): Invalid argument supplied for foreach() in [/mnt/www/dev.xboo.st/app/controllers/users_controller.php, line 130]
2010-02-27 01:03:43 Warning: Warning (2): Invalid argument supplied for foreach() in [/mnt/www/dev.xboo.st/app/controllers/users_controller.php, line 152]
2010-02-27 10:26:22 Warning: Warning (512): <span style = "color:Red;text-align:left"><b>SQL Error:</b> 1241: Operand should contain 1 column(s)</span> in [/mnt/www/dev.xboo.st/cake/libs/model/datasources/dbo_source.php, line 635]
2010-02-27 10:26:38 Warning: Warning (512): <span style = "color:Red;text-align:left"><b>SQL Error:</b> 1241: Operand should contain 1 column(s)</span> in [/mnt/www/dev.xboo.st/cake/libs/model/datasources/dbo_source.php, line 635]
2010-02-27 10:27:20 Warning: Warning (512): <span style = "color:Red;text-align:left"><b>SQL Error:</b> 1241: Operand should contain 1 column(s)</span> in [/mnt/www/dev.xboo.st/cake/libs/model/datasources/dbo_source.php, line 635]
2010-02-27 10:33:12 Warning: Warning (512): <span style = "color:Red;text-align:left"><b>SQL Error:</b> 1241: Operand should contain 1 column(s)</span> in [/mnt/www/dev.xboo.st/cake/libs/model/datasources/dbo_source.php, line 635]
2010-02-27 10:34:25 Warning: Warning (512): <span style = "color:Red;text-align:left"><b>SQL Error:</b> 1241: Operand should contain 1 column(s)</span> in [/mnt/www/dev.xboo.st/cake/libs/model/datasources/dbo_source.php, line 635]
2010-02-26 20:35:18 Warning: Warning (512): <span style = "color:Red;text-align:left"><b>SQL Error:</b> 1241: Operand should contain 1 column(s)</span> in [/mnt/www/dev.xboo.st/cake/libs/model/datasources/dbo_source.php, line 635]
2010-02-26 20:57:28 Warning: Warning (512): <span style = "color:Red;text-align:left"><b>SQL Error:</b> 1064: You have an error in your SQL syntax; check the manual that corresponds to your MySQL server version for the right syntax to use near ',,,,,87,86,85,84,83,82,81,80,79,78,77,76,75,74,73,63,62,61,60,57,56,55,45,44,43,' at line 1</span> in [/mnt/www/dev.xboo.st/cake/libs/model/datasources/dbo_source.php, line 635]
2010-02-26 21:30:11 Warning: Warning (512): <span style = "color:Red;text-align:left"><b>SQL Error:</b> 1064: You have an error in your SQL syntax; check the manual that corresponds to your MySQL server version for the right syntax to use near ',,250,201,200,199)' at line 1</span> in [/mnt/www/dev.xboo.st/cake/libs/model/datasources/dbo_source.php, line 635]
2010-02-26 21:30:11 Warning: Warning (2): Invalid argument supplied for foreach() in [/mnt/www/dev.xboo.st/app/controllers/users_controller.php, line 133]
2010-02-26 21:30:11 Warning: Warning (2): Invalid argument supplied for foreach() in [/mnt/www/dev.xboo.st/app/controllers/users_controller.php, line 155]
2010-02-27 13:35:57 Warning: Warning (512): <span style = "color:Red;text-align:left"><b>SQL Error:</b> 1064: You have an error in your SQL syntax; check the manual that corresponds to your MySQL server version for the right syntax to use near '256)' at line 1</span> in [/mnt/www/dev.xboo.st/cake/libs/model/datasources/dbo_source.php, line 635]
2010-02-27 13:35:57 Warning: Warning (2): Invalid argument supplied for foreach() in [/mnt/www/dev.xboo.st/app/controllers/users_controller.php, line 153]
2010-02-27 13:35:57 Warning: Warning (2): Invalid argument supplied for foreach() in [/mnt/www/dev.xboo.st/app/controllers/users_controller.php, line 175]
2010-02-27 19:31:49 Warning: Warning (512): <span style = "color:Red;text-align:left"><b>SQL Error:</b> 1064: You have an error in your SQL syntax; check the manual that corresponds to your MySQL server version for the right syntax to use near ') ORDER BY itemid' at line 1</span> in [/mnt/www/dev.xboo.st/cake/libs/model/datasources/dbo_source.php, line 635]
2010-02-28 16:59:40 Warning: Warning (512): <span style = "color:Red;text-align:left"><b>SQL Error:</b> 1064: You have an error in your SQL syntax; check the manual that corresponds to your MySQL server version for the right syntax to use near ',,413,412,411,410,409,408,407,406,405,404,403,402,401,400,399,398,397,396,395,39' at line 1</span> in [/mnt/www/dev.xboo.st/cake/libs/model/datasources/dbo_source.php, line 635]
2010-02-28 16:59:40 Warning: Warning (512): <span style = "color:Red;text-align:left"><b>SQL Error:</b> 1064: You have an error in your SQL syntax; check the manual that corresponds to your MySQL server version for the right syntax to use near ',,413,412,411,410,409,408,407,406,405,404,403,402,401,400,399,398,397,396,395,39' at line 1</span> in [/mnt/www/dev.xboo.st/cake/libs/model/datasources/dbo_source.php, line 635]
2010-02-28 16:59:40 Warning: Warning (2): Invalid argument supplied for foreach() in [/mnt/www/dev.xboo.st/app/controllers/users_controller.php, line 157]
2010-02-28 16:59:40 Warning: Warning (2): Invalid argument supplied for foreach() in [/mnt/www/dev.xboo.st/app/controllers/users_controller.php, line 179]
2010-02-28 16:59:41 Warning: Warning (512): <span style = "color:Red;text-align:left"><b>SQL Error:</b> 1064: You have an error in your SQL syntax; check the manual that corresponds to your MySQL server version for the right syntax to use near ',,413,412,411,410,409,408,407,406,405,404,403,402,401,400,399,398,397,396,395,39' at line 1</span> in [/mnt/www/dev.xboo.st/cake/libs/model/datasources/dbo_source.php, line 635]
2010-02-28 02:59:44 Warning: Warning (512): <span style = "color:Red;text-align:left"><b>SQL Error:</b> 1064: You have an error in your SQL syntax; check the manual that corresponds to your MySQL server version for the right syntax to use near ',,413,412,411,410,409,408,407,406,405,404,403,402,401,400,399,398,397,396,395,39' at line 1</span> in [/mnt/www/dev.xboo.st/cake/libs/model/datasources/dbo_source.php, line 635]
2010-02-28 02:59:46 Warning: Warning (512): <span style = "color:Red;text-align:left"><b>SQL Error:</b> 1064: You have an error in your SQL syntax; check the manual that corresponds to your MySQL server version for the right syntax to use near ',,413,412,411,410,409,408,407,406,405,404,403,402,401,400,399,398,397,396,395,39' at line 1</span> in [/mnt/www/dev.xboo.st/cake/libs/model/datasources/dbo_source.php, line 635]
2010-02-28 02:59:48 Warning: Warning (512): <span style = "color:Red;text-align:left"><b>SQL Error:</b> 1064: You have an error in your SQL syntax; check the manual that corresponds to your MySQL server version for the right syntax to use near ',,413,412,411,410,409,408,407,406,405,404,403,402,401,400,399,398,397,396,395,39' at line 1</span> in [/mnt/www/dev.xboo.st/cake/libs/model/datasources/dbo_source.php, line 635]
2010-03-06 23:30:46 Warning: Warning (2): Missing argument 1 for UsersController::getAccounts(), called in /mnt/www/dev.xboo.st/app/controllers/users_controller.php on line 22 and defined in [/mnt/www/dev.xboo.st/app/controllers/users_controller.php, line 33]
2010-03-06 23:30:46 Warning: Warning (512): <span style = "color:Red;text-align:left"><b>SQL Error:</b> 1064: You have an error in your SQL syntax; check the manual that corresponds to your MySQL server version for the right syntax to use near 'ORDER BY ebayuserid' at line 1</span> in [/mnt/www/dev.xboo.st/cake/libs/model/datasources/dbo_source.php, line 635]
2010-03-06 23:30:46 Warning: Warning (2): Invalid argument supplied for foreach() in [/mnt/www/dev.xboo.st/app/controllers/users_controller.php, line 41]
2010-03-06 23:30:46 Warning: Warning (2): Invalid argument supplied for foreach() in [/mnt/www/dev.xboo.st/app/views/users/home.ctp, line 2]
2010-03-07 10:02:16 Warning: Warning (512): <span style = "color:Red;text-align:left"><b>SQL Error:</b> 1064: You have an error in your SQL syntax; check the manual that corresponds to your MySQL server version for the right syntax to use near 'ORDER BY ebayuserid' at line 1</span> in [/mnt/www/dev.xboo.st/cake/libs/model/datasources/dbo_source.php, line 635]
2010-03-07 10:02:16 Warning: Warning (2): Invalid argument supplied for foreach() in [/mnt/www/dev.xboo.st/app/controllers/users_controller.php, line 41]
2010-03-07 10:02:16 Warning: Warning (2): Cannot modify header information - headers already sent by (output started at /mnt/www/dev.xboo.st/cake/libs/debugger.php:663) in [/mnt/www/dev.xboo.st/cake/libs/controller/controller.php, line 715]
2010-03-07 10:02:23 Warning: Warning (512): <span style = "color:Red;text-align:left"><b>SQL Error:</b> 1064: You have an error in your SQL syntax; check the manual that corresponds to your MySQL server version for the right syntax to use near 'ORDER BY ebayuserid' at line 1</span> in [/mnt/www/dev.xboo.st/cake/libs/model/datasources/dbo_source.php, line 635]
2010-03-07 10:02:23 Warning: Warning (2): Invalid argument supplied for foreach() in [/mnt/www/dev.xboo.st/app/controllers/users_controller.php, line 41]
2010-03-07 10:02:26 Warning: Warning (512): <span style = "color:Red;text-align:left"><b>SQL Error:</b> 1064: You have an error in your SQL syntax; check the manual that corresponds to your MySQL server version for the right syntax to use near 'ORDER BY ebayuserid' at line 1</span> in [/mnt/www/dev.xboo.st/cake/libs/model/datasources/dbo_source.php, line 635]
2010-03-07 10:02:26 Warning: Warning (2): Invalid argument supplied for foreach() in [/mnt/www/dev.xboo.st/app/controllers/users_controller.php, line 41]
2010-03-07 10:02:26 Warning: Warning (2): Cannot modify header information - headers already sent by (output started at /mnt/www/dev.xboo.st/cake/libs/debugger.php:663) in [/mnt/www/dev.xboo.st/cake/libs/controller/controller.php, line 715]
2010-03-07 22:47:40 Warning: Warning (512): <span style = "color:Red;text-align:left"><b>SQL Error:</b> 1064: You have an error in your SQL syntax; check the manual that corresponds to your MySQL server version for the right syntax to use near 'ORDER BY ebayuserid' at line 1</span> in [/mnt/www/dev.xboo.st/cake/libs/model/datasources/dbo_source.php, line 635]
2010-03-07 22:47:40 Warning: Warning (2): Invalid argument supplied for foreach() in [/mnt/www/dev.xboo.st/app/controllers/users_controller.php, line 41]
2010-03-07 22:47:40 Warning: Warning (2): Cannot modify header information - headers already sent by (output started at /mnt/www/dev.xboo.st/cake/libs/debugger.php:663) in [/mnt/www/dev.xboo.st/cake/libs/controller/controller.php, line 715]
2010-03-07 22:47:40 Warning: Warning (512): <span style = "color:Red;text-align:left"><b>SQL Error:</b> 1064: You have an error in your SQL syntax; check the manual that corresponds to your MySQL server version for the right syntax to use near 'ORDER BY ebayuserid' at line 1</span> in [/mnt/www/dev.xboo.st/cake/libs/model/datasources/dbo_source.php, line 635]
2010-03-07 22:47:40 Warning: Warning (2): Invalid argument supplied for foreach() in [/mnt/www/dev.xboo.st/app/controllers/users_controller.php, line 41]
2010-03-07 22:47:40 Warning: Warning (2): Cannot modify header information - headers already sent by (output started at /mnt/www/dev.xboo.st/cake/libs/debugger.php:663) in [/mnt/www/dev.xboo.st/cake/libs/controller/controller.php, line 715]
2010-03-07 22:55:31 Warning: Warning (512): <span style = "color:Red;text-align:left"><b>SQL Error:</b> 1054: Unknown column 'galleryurl' in 'field list'</span> in [/mnt/www/dev.xboo.st/cake/libs/model/datasources/dbo_source.php, line 635]
2010-03-25 06:11:34 Warning: Warning (2): mysql_connect() [<a href='http://php.net/function.mysql-connect'>function.mysql-connect</a>]: Can't connect to local MySQL server through socket '/tmp/mysql.sock' (2) in [/var/www/dev.xboo.st/cake/libs/model/datasources/dbo/dbo_mysql.php, line 540]
2010-03-25 06:11:34 Warning: Warning (2): mysql_select_db(): supplied argument is not a valid MySQL-Link resource in [/var/www/dev.xboo.st/cake/libs/model/datasources/dbo/dbo_mysql.php, line 546]
2010-03-25 06:11:34 Warning: Warning (2): mysql_get_server_info(): supplied argument is not a valid MySQL-Link resource in [/var/www/dev.xboo.st/cake/libs/model/datasources/dbo/dbo_mysql.php, line 554]
2010-03-25 06:11:34 Warning: Warning (2): mysql_query(): supplied argument is not a valid MySQL-Link resource in [/var/www/dev.xboo.st/cake/libs/model/datasources/dbo/dbo_mysql.php, line 588]
2010-03-25 06:11:34 Warning: Warning (2): Cannot modify header information - headers already sent by (output started at /var/www/dev.xboo.st/cake/libs/debugger.php:663) in [/var/www/dev.xboo.st/cake/libs/controller/controller.php, line 715]
2010-03-25 06:11:34 Warning: Warning (2): mysql_connect() [<a href='http://php.net/function.mysql-connect'>function.mysql-connect</a>]: Can't connect to local MySQL server through socket '/tmp/mysql.sock' (2) in [/var/www/dev.xboo.st/cake/libs/model/datasources/dbo/dbo_mysql.php, line 540]
2010-03-25 06:11:34 Warning: Warning (2): mysql_select_db(): supplied argument is not a valid MySQL-Link resource in [/var/www/dev.xboo.st/cake/libs/model/datasources/dbo/dbo_mysql.php, line 546]
2010-03-25 06:11:34 Warning: Warning (2): mysql_get_server_info(): supplied argument is not a valid MySQL-Link resource in [/var/www/dev.xboo.st/cake/libs/model/datasources/dbo/dbo_mysql.php, line 554]
2010-03-25 06:11:34 Warning: Warning (2): mysql_query(): supplied argument is not a valid MySQL-Link resource in [/var/www/dev.xboo.st/cake/libs/model/datasources/dbo/dbo_mysql.php, line 588]
2010-03-25 06:11:34 Warning: Warning (2): Cannot modify header information - headers already sent by (output started at /var/www/dev.xboo.st/cake/libs/debugger.php:663) in [/var/www/dev.xboo.st/cake/libs/controller/controller.php, line 715]
2010-03-26 06:24:09 Warning: Warning (2): mysql_connect() [<a href='http://php.net/function.mysql-connect'>function.mysql-connect</a>]: Access denied for user 'root'@'localhost' (using password: NO) in [/var/www/dev.xboo.st/cake/libs/model/datasources/dbo/dbo_mysql.php, line 540]
2010-03-26 06:24:09 Warning: Warning (2): mysql_select_db(): supplied argument is not a valid MySQL-Link resource in [/var/www/dev.xboo.st/cake/libs/model/datasources/dbo/dbo_mysql.php, line 546]
2010-03-26 06:24:09 Warning: Warning (2): mysql_get_server_info(): supplied argument is not a valid MySQL-Link resource in [/var/www/dev.xboo.st/cake/libs/model/datasources/dbo/dbo_mysql.php, line 554]
2010-03-26 06:24:09 Warning: Warning (2): mysql_query(): supplied argument is not a valid MySQL-Link resource in [/var/www/dev.xboo.st/cake/libs/model/datasources/dbo/dbo_mysql.php, line 588]
2010-03-26 06:24:09 Warning: Warning (2): Cannot modify header information - headers already sent by (output started at /var/www/dev.xboo.st/cake/libs/debugger.php:663) in [/var/www/dev.xboo.st/cake/libs/controller/controller.php, line 715]
2010-03-26 06:24:40 Warning: Warning (2): mysql_connect() [<a href='http://php.net/function.mysql-connect'>function.mysql-connect</a>]: Access denied for user 'root'@'localhost' (using password: NO) in [/var/www/dev.xboo.st/cake/libs/model/datasources/dbo/dbo_mysql.php, line 540]
2010-03-26 06:24:40 Warning: Warning (2): mysql_select_db(): supplied argument is not a valid MySQL-Link resource in [/var/www/dev.xboo.st/cake/libs/model/datasources/dbo/dbo_mysql.php, line 546]
2010-03-26 06:24:40 Warning: Warning (2): mysql_get_server_info(): supplied argument is not a valid MySQL-Link resource in [/var/www/dev.xboo.st/cake/libs/model/datasources/dbo/dbo_mysql.php, line 554]
2010-03-26 06:24:40 Warning: Warning (2): mysql_query(): supplied argument is not a valid MySQL-Link resource in [/var/www/dev.xboo.st/cake/libs/model/datasources/dbo/dbo_mysql.php, line 588]
2010-03-26 06:24:40 Warning: Warning (2): Cannot modify header information - headers already sent by (output started at /var/www/dev.xboo.st/cake/libs/debugger.php:663) in [/var/www/dev.xboo.st/cake/libs/controller/controller.php, line 715]
2010-04-10 10:14:47 Warning: Warning (2): Invalid argument supplied for foreach() in [/var/www/dev.xboo.st/app/views/users/home.ctp, line 2]
2010-04-10 10:14:47 Warning: Warning (2): Invalid argument supplied for foreach() in [/var/www/dev.xboo.st/app/views/users/home.ctp, line 48]
2010-04-10 10:16:01 Warning: Warning (2): Invalid argument supplied for foreach() in [/var/www/dev.xboo.st/app/views/users/home.ctp, line 2]
2010-04-10 10:16:01 Warning: Warning (2): Invalid argument supplied for foreach() in [/var/www/dev.xboo.st/app/views/users/home.ctp, line 48]
2010-04-11 13:59:57 Warning: Warning (512): <span style = "color:Red;text-align:left"><b>SQL Error:</b> 1054: Unknown column 'undefined' in 'where clause'</span> in [/var/www/dev.xboo.st/cake/libs/model/datasources/dbo_source.php, line 635]
